Jul-20 17:50:01.645 [main] DEBUG nextflow.cli.Launcher - $> nextflow run main.nf --reference reference --input test_se --aligner hisat2 --trimmer none
Jul-20 17:50:01.859 [main] DEBUG nextflow.cli.CmdRun - N E X T F L O W  ~  version 26.04.6
Jul-20 17:50:01.913 [main] DEBUG nextflow.plugin.PluginsFacade - Setting up plugin manager > mode=prod; embedded=false; plugins-dir=/home/sisi/.nextflow/plugins; core-plugins: nf-amazon@3.9.2,nf-azure@1.22.6,nf-cloudcache@0.6.0,nf-codecommit@0.5.3,nf-console@1.3.0,nf-google@1.27.3,nf-k8s@1.5.4,nf-seqera@0.21.1,nf-tower@1.28.2,nf-wave@1.21.0
Jul-20 17:50:01.957 [main] INFO  o.pf4j.DefaultPluginStatusProvider - Enabled plugins: []
Jul-20 17:50:01.958 [main] INFO  o.pf4j.DefaultPluginStatusProvider - Disabled plugins: []
Jul-20 17:50:01.964 [main] INFO  org.pf4j.DefaultPluginManager - PF4J version 3.14.1 in 'deployment' mode
Jul-20 17:50:01.992 [main] DEBUG nextflow.util.RetryConfig - Missing nextflow session - using default retry config
Jul-20 17:50:02.305 [main] DEBUG nextflow.plugin.PluginUpdater - Using plugin repository: HttpPluginRepository [registry]; url=https://registry.nextflow.io/api
Jul-20 17:50:02.315 [main] INFO  org.pf4j.AbstractPluginManager - No plugins
Jul-20 17:50:02.378 [main] DEBUG nextflow.config.ConfigBuilder - Found config local: /home/sisi/RNalyze-NF/nextflow.config
Jul-20 17:50:02.385 [main] DEBUG nextflow.config.ConfigBuilder - Parsing config file: /home/sisi/RNalyze-NF/nextflow.config
Jul-20 17:50:02.396 [main] DEBUG nextflow.config.ConfigParserFactory - Using config parser v2
Jul-20 17:50:02.439 [main] DEBUG nextflow.config.ConfigBuilder - Applying config profile: `standard`
Jul-20 17:50:03.410 [main] DEBUG nextflow.plugin.PluginsFacade - Plugins default=[]
Jul-20 17:50:03.411 [main] DEBUG nextflow.plugin.PluginsFacade - Plugins resolved requirement=[]
Jul-20 17:50:03.447 [main] DEBUG n.secret.LocalSecretsProvider - Secrets store: /home/sisi/.nextflow/secrets/store.json
Jul-20 17:50:03.453 [main] DEBUG nextflow.secret.SecretsLoader - Discovered secrets providers: [nextflow.secret.LocalSecretsProvider@6e4c0d8c] - activable => nextflow.secret.LocalSecretsProvider@6e4c0d8c
Jul-20 17:50:03.478 [main] DEBUG nextflow.cli.CmdRun - Launching `main.nf` [tender_franklin] - revision: 24167660db
Jul-20 17:50:03.662 [main] DEBUG nextflow.Session - Session UUID: ead7a0c7-7405-42df-a1fb-cf2058911b94
Jul-20 17:50:03.663 [main] DEBUG nextflow.Session - Run name: tender_franklin
Jul-20 17:50:03.664 [main] DEBUG nextflow.Session - Executor pool size: 8
Jul-20 17:50:03.682 [main] DEBUG nextflow.file.FilePorter - File porter settings maxRetries=3; maxTransfers=50; pollTimeout=null
Jul-20 17:50:03.694 [main] DEBUG nextflow.util.ThreadPoolBuilder - Creating thread pool 'FileTransfer' minSize=10; maxSize=24; workQueue=LinkedBlockingQueue[-1]; allowCoreThreadTimeout=false
Jul-20 17:50:03.740 [main] DEBUG nextflow.cli.CmdRun - 
  Version: 26.04.6 build 12646
  Created: 09-07-2026 18:49 UTC (21:49 EEST)
  System: Linux 5.15.0-139-generic
  Runtime: Groovy 4.0.31 on OpenJDK 64-Bit Server VM 17.0.15+6-Ubuntu-0ubuntu120.04
  Encoding: UTF-8 (UTF-8)
  Process: 19224@Sisi [127.0.1.1]
  CPUs: 8 - Mem: 6.7 GB (1 GB) - Swap: 2 GB (1.2 GB)
Jul-20 17:50:03.774 [main] DEBUG nextflow.Session - Work-dir: /home/sisi/RNalyze-NF/work [ext2/ext3]
Jul-20 17:50:03.803 [main] DEBUG nextflow.executor.ExecutorFactory - Extension executors providers=[]
Jul-20 17:50:03.819 [main] DEBUG nextflow.Session - Observer factory (v2): LinObserverFactory
Jul-20 17:50:03.823 [main] DEBUG nextflow.Session - Observer factory (v2): DefaultObserverFactory
Jul-20 17:50:03.877 [main] DEBUG nextflow.cache.CacheFactory - Using Nextflow cache factory: nextflow.cache.DefaultCacheFactory
Jul-20 17:50:03.894 [main] DEBUG nextflow.util.CustomThreadPool - Creating default thread pool > poolSize: 9; maxThreads: 1000
Jul-20 17:50:03.999 [main] DEBUG nextflow.Session - Session start
Jul-20 17:50:04.010 [main] DEBUG nextflow.script.ScriptLoaderFactory - Using script parser v2
Jul-20 17:50:04.016 [main] DEBUG nextflow.Session - Using default localLib path: /home/sisi/RNalyze-NF/lib
Jul-20 17:50:05.855 [main] DEBUG nextflow.script.ScriptRunner - > Launching execution
Jul-20 17:50:06.350 [main] INFO  nextflow.Nextflow - 
    =========================================
                 RNalyze
    =========================================
    Input        : test_se
    Reference    : reference
    Annotation   : Auto-detected
    Aligner      : hisat2
    Trimmer      : none
    Layout       : Auto-detected
    Output       : results
    =========================================
    
Jul-20 17:50:06.372 [main] INFO  nextflow.script.BaseScript - Detected single-end
Jul-20 17:50:06.579 [main] DEBUG n.script.dsl.ProcessConfigBuilder - Config settings `withName:FASTQC` matches process PREPROCESSING:QC_WORKFLOW:FASTQC
Jul-20 17:50:06.591 [main] DEBUG nextflow.executor.ExecutorFactory - << taskConfig executor: null
Jul-20 17:50:06.592 [main] DEBUG nextflow.executor.ExecutorFactory - >> processorType: 'local'
Jul-20 17:50:06.621 [main] DEBUG nextflow.executor.Executor - [warm up] executor > local
Jul-20 17:50:06.635 [main] DEBUG n.processor.LocalPollingMonitor - Creating local task monitor for executor 'local' > cpus=8; memory=6.7 GB; capacity=8; pollInterval=100ms; dumpInterval=5m
Jul-20 17:50:06.639 [main] DEBUG n.processor.TaskPollingMonitor - >>> barrier register (monitor: local)
Jul-20 17:50:06.708 [main] DEBUG nextflow.processor.TaskProcessor - Creating process 'PREPROCESSING:QC_WORKFLOW:FASTQC': maxForks=0; fair=false; array=0
Jul-20 17:50:06.772 [main] DEBUG n.script.dsl.ProcessConfigBuilder - Config settings `withName:MULTIQC` matches process PREPROCESSING:QC_WORKFLOW:MULTIQC
Jul-20 17:50:06.776 [main] DEBUG nextflow.executor.ExecutorFactory - << taskConfig executor: null
Jul-20 17:50:06.776 [main] DEBUG nextflow.executor.ExecutorFactory - >> processorType: 'local'
Jul-20 17:50:06.778 [main] DEBUG nextflow.processor.TaskProcessor - Creating process 'PREPROCESSING:QC_WORKFLOW:MULTIQC': maxForks=0; fair=false; array=0
Jul-20 17:50:06.788 [main] DEBUG n.script.dsl.ProcessConfigBuilder - Config settings `withName:HISAT2_BUILD` matches process REFERENCE:HISAT2_BUILD
Jul-20 17:50:06.792 [main] DEBUG nextflow.executor.ExecutorFactory - << taskConfig executor: null
Jul-20 17:50:06.792 [main] DEBUG nextflow.executor.ExecutorFactory - >> processorType: 'local'
Jul-20 17:50:06.793 [main] DEBUG nextflow.processor.TaskProcessor - Creating process 'REFERENCE:HISAT2_BUILD': maxForks=0; fair=false; array=0
Jul-20 17:50:06.807 [main] DEBUG n.script.dsl.ProcessConfigBuilder - Config settings `withName:HISAT2` matches process ALIGNMENT:HISAT2
Jul-20 17:50:06.816 [main] DEBUG nextflow.executor.ExecutorFactory - << taskConfig executor: null
Jul-20 17:50:06.816 [main] DEBUG nextflow.executor.ExecutorFactory - >> processorType: 'local'
Jul-20 17:50:06.818 [main] DEBUG nextflow.processor.TaskProcessor - Creating process 'ALIGNMENT:HISAT2': maxForks=0; fair=false; array=0
Jul-20 17:50:06.829 [main] DEBUG n.script.dsl.ProcessConfigBuilder - Config settings `withName:SAMTOOLS_SORT` matches process POST_ALIGNMENT:SAMTOOLS_SORT
Jul-20 17:50:06.832 [main] DEBUG nextflow.executor.ExecutorFactory - << taskConfig executor: null
Jul-20 17:50:06.832 [main] DEBUG nextflow.executor.ExecutorFactory - >> processorType: 'local'
Jul-20 17:50:06.834 [main] DEBUG nextflow.processor.TaskProcessor - Creating process 'POST_ALIGNMENT:SAMTOOLS_SORT': maxForks=0; fair=false; array=0
Jul-20 17:50:06.844 [main] DEBUG n.script.dsl.ProcessConfigBuilder - Config settings `withName:SAMTOOLS_INDEX` matches process POST_ALIGNMENT:SAMTOOLS_INDEX
Jul-20 17:50:06.847 [main] DEBUG nextflow.executor.ExecutorFactory - << taskConfig executor: null
Jul-20 17:50:06.848 [main] DEBUG nextflow.executor.ExecutorFactory - >> processorType: 'local'
Jul-20 17:50:06.849 [main] DEBUG nextflow.processor.TaskProcessor - Creating process 'POST_ALIGNMENT:SAMTOOLS_INDEX': maxForks=0; fair=false; array=0
Jul-20 17:50:06.859 [main] DEBUG n.script.dsl.ProcessConfigBuilder - Config settings `withName:SAMTOOLS_FLAGSTAT` matches process POST_ALIGNMENT:SAMTOOLS_FLAGSTAT
Jul-20 17:50:06.864 [main] DEBUG nextflow.executor.ExecutorFactory - << taskConfig executor: null
Jul-20 17:50:06.864 [main] DEBUG nextflow.executor.ExecutorFactory - >> processorType: 'local'
Jul-20 17:50:06.866 [main] DEBUG nextflow.processor.TaskProcessor - Creating process 'POST_ALIGNMENT:SAMTOOLS_FLAGSTAT': maxForks=0; fair=false; array=0
Jul-20 17:50:06.874 [main] DEBUG n.script.dsl.ProcessConfigBuilder - Config settings `withName:SAMTOOLS_IDXSTATS` matches process POST_ALIGNMENT:SAMTOOLS_IDXSTATS
Jul-20 17:50:06.883 [main] DEBUG nextflow.executor.ExecutorFactory - << taskConfig executor: null
Jul-20 17:50:06.883 [main] DEBUG nextflow.executor.ExecutorFactory - >> processorType: 'local'
Jul-20 17:50:06.886 [main] DEBUG nextflow.processor.TaskProcessor - Creating process 'POST_ALIGNMENT:SAMTOOLS_IDXSTATS': maxForks=0; fair=false; array=0
Jul-20 17:50:06.901 [main] DEBUG n.script.dsl.ProcessConfigBuilder - Config settings `withName:SAMTOOLS_STATS` matches process POST_ALIGNMENT:SAMTOOLS_STATS
Jul-20 17:50:06.905 [main] DEBUG nextflow.executor.ExecutorFactory - << taskConfig executor: null
Jul-20 17:50:06.905 [main] DEBUG nextflow.executor.ExecutorFactory - >> processorType: 'local'
Jul-20 17:50:06.907 [main] DEBUG nextflow.processor.TaskProcessor - Creating process 'POST_ALIGNMENT:SAMTOOLS_STATS': maxForks=0; fair=false; array=0
Jul-20 17:50:06.960 [main] DEBUG n.script.dsl.ProcessConfigBuilder - Config settings `withName:FEATURECOUNTS` matches process QUANTIFICATION:FEATURECOUNTS
Jul-20 17:50:06.963 [main] DEBUG nextflow.executor.ExecutorFactory - << taskConfig executor: null
Jul-20 17:50:06.963 [main] DEBUG nextflow.executor.ExecutorFactory - >> processorType: 'local'
Jul-20 17:50:06.965 [main] DEBUG nextflow.processor.TaskProcessor - Creating process 'QUANTIFICATION:FEATURECOUNTS': maxForks=0; fair=false; array=0
Jul-20 17:50:06.974 [main] DEBUG nextflow.Session - Process names: FASTQC, ALIGNMENT:BOWTIE2, BOWTIE2_BUILD, FEATURECOUNTS, MULTIQC, CUTADAPT, BWA, SAMTOOLS_SORT, POST_ALIGNMENT:SAMTOOLS_STATS, REFERENCE:HISAT2_BUILD, POST_ALIGNMENT:SAMTOOLS_FLAGSTAT, BWA_INDEX, ALIGNMENT:BWA, PREPROCESSING:TRIMMING:TRIMMOMATIC, SAMTOOLS_STATS, HISAT2_BUILD, SAMTOOLS_FLAGSTAT, POST_ALIGNMENT:SAMTOOLS_IDXSTATS, ALIGNMENT:HISAT2, PREPROCESSING:QC_WORKFLOW:MULTIQC, HISAT2, PREPROCESSING:QC_WORKFLOW:FASTQC, QUANTIFICATION:FEATURECOUNTS, PREPROCESSING:TRIMMING:CUTADAPT, REFERENCE_MANAGER, TRIMMOMATIC, POST_ALIGNMENT:SAMTOOLS_SORT, POST_ALIGNMENT:SAMTOOLS_INDEX, BOWTIE2, SAMTOOLS_IDXSTATS, REFERENCE:BOWTIE2_BUILD, SAMTOOLS_INDEX, REFERENCE:BWA_INDEX
Jul-20 17:50:06.989 [main] DEBUG nextflow.Session - Igniting dataflow network (13)
Jul-20 17:50:07.005 [PathVisitor-1] DEBUG nextflow.file.PathVisitor - files for syntax: glob; folder: test_se/; pattern: *.fastq.gz; options: [checkIfExists:true]
Jul-20 17:50:07.007 [main] DEBUG nextflow.processor.TaskProcessor - Starting process > PREPROCESSING:QC_WORKFLOW:FASTQC
Jul-20 17:50:07.009 [main] DEBUG nextflow.processor.TaskProcessor - Starting process > PREPROCESSING:QC_WORKFLOW:MULTIQC
Jul-20 17:50:07.011 [main] DEBUG nextflow.processor.TaskProcessor - Starting process > REFERENCE:HISAT2_BUILD
Jul-20 17:50:07.013 [main] DEBUG nextflow.processor.TaskProcessor - Starting process > ALIGNMENT:HISAT2
Jul-20 17:50:07.014 [main] DEBUG nextflow.processor.TaskProcessor - Starting process > POST_ALIGNMENT:SAMTOOLS_SORT
Jul-20 17:50:07.015 [main] DEBUG nextflow.processor.TaskProcessor - Starting process > POST_ALIGNMENT:SAMTOOLS_INDEX
Jul-20 17:50:07.015 [main] DEBUG nextflow.processor.TaskProcessor - Starting process > POST_ALIGNMENT:SAMTOOLS_FLAGSTAT
Jul-20 17:50:07.016 [main] DEBUG nextflow.processor.TaskProcessor - Starting process > POST_ALIGNMENT:SAMTOOLS_IDXSTATS
Jul-20 17:50:07.016 [main] DEBUG nextflow.processor.TaskProcessor - Starting process > POST_ALIGNMENT:SAMTOOLS_STATS
Jul-20 17:50:07.017 [main] DEBUG nextflow.processor.TaskProcessor - Starting process > QUANTIFICATION:FEATURECOUNTS
Jul-20 17:50:07.019 [main] DEBUG nextflow.script.ScriptRunner - Parsed script files:
  _nf_script_96ee663b5408389b: /home/sisi/RNalyze-NF/modules/reference/bwa_index.nf
  _nf_script_998f2dd6c2fb9fa8: /home/sisi/RNalyze-NF/modules/qc/multiqc.nf
  _nf_script_09f1ce0ded1c97a1: /home/sisi/RNalyze-NF/modules/post_alignment/samtools_flagstat.nf
  _nf_script_4d99d98a2c07a303: /home/sisi/RNalyze-NF/subworkflows/alignment.nf
  _nf_script_6a4fe9420b74882a: /home/sisi/RNalyze-NF/modules/post_alignment/samtools_idxstats.nf
  _nf_script_0d24c0d690496ec6: /home/sisi/RNalyze-NF/subworkflows/trimming.nf
  _nf_script_841c15dee6fcf759: /home/sisi/RNalyze-NF/modules/post_alignment/samtools_stats.nf
  _nf_script_9a73e1c9d27a6abe: /home/sisi/RNalyze-NF/modules/trimming/trimmomatic.nf
  _nf_script_19aaa142739f77f0: /home/sisi/RNalyze-NF/modules/quantification/featurecounts.nf
  _nf_script_a43494e5589d0e88: /home/sisi/RNalyze-NF/modules/reference/hisat2_build.nf
  _nf_script_d7badce2feb88c1f: /home/sisi/RNalyze-NF/modules/trimming/cutadapt.nf
  _nf_script_9f49c3519d1b0503: /home/sisi/RNalyze-NF/modules/input/input.nf
  _nf_script_287734917818b900: /home/sisi/RNalyze-NF/subworkflows/post_alignment.nf
  _nf_script_de59286e8a3c0291: /home/sisi/RNalyze-NF/modules/qc/fastqc.nf
  _nf_script_c7bde2a85eeb452f: /home/sisi/RNalyze-NF/subworkflows/quantification.nf
  _nf_script_01d570c0dbe57260: /home/sisi/RNalyze-NF/subworkflows/qc.nf
  _nf_script_3d842c1588e0d5bb: /home/sisi/RNalyze-NF/modules/alignment/hisat2.nf
  _nf_script_2deb1e2bf4e214a8: /home/sisi/RNalyze-NF/subworkflows/reference.nf
  _nf_script_0d565bec3c81fef0: /home/sisi/RNalyze-NF/modules/post_alignment/samtools_sort.nf
  _nf_script_87a440cf604fd56d: /home/sisi/RNalyze-NF/modules/reference/bowtie2_build.nf
  _nf_script_9f17c245fbbdd3eb: /home/sisi/RNalyze-NF/modules/post_alignment/samtools_index.nf
  _nf_script_68d5101c5e6ad2cb: /home/sisi/RNalyze-NF/modules/reference/reference_manager.nf
  _nf_script_6c521eb31ab3df05: /home/sisi/RNalyze-NF/modules/alignment/bowtie2.nf
  Main: /home/sisi/RNalyze-NF/main.nf
  _nf_script_187ba2a2d06b5d80: /home/sisi/RNalyze-NF/subworkflows/preprocessing.nf
  _nf_script_7253ae84e1afcb25: /home/sisi/RNalyze-NF/modules/alignment/bwa.nf
Jul-20 17:50:07.020 [main] DEBUG nextflow.script.ScriptRunner - > Awaiting termination 
Jul-20 17:50:07.020 [main] DEBUG nextflow.Session - Session await
Jul-20 17:50:07.347 [Task submitter] DEBUG n.executor.local.LocalTaskHandler - Launch cmd line: /bin/bash -ue .command.run
Jul-20 17:50:07.351 [Task submitter] INFO  nextflow.Session - [33/cd1a76] Submitted process > REFERENCE:HISAT2_BUILD (hisat2-build)
Jul-20 17:50:07.435 [Task submitter] DEBUG n.executor.local.LocalTaskHandler - Launch cmd line: /bin/bash -ue .command.run
Jul-20 17:50:07.436 [Task submitter] INFO  nextflow.Session - [5d/62dd12] Submitted process > PREPROCESSING:QC_WORKFLOW:FASTQC (SRR13970443)
Jul-20 17:50:10.195 [Task monitor] DEBUG n.processor.TaskPollingMonitor - Task completed > TaskHandler[id: 1; name: REFERENCE:HISAT2_BUILD (hisat2-build); status: COMPLETED; exit: 0; error: -; workDir: /home/sisi/RNalyze-NF/work/33/cd1a76cd5712e76882ff9e33cba2b7]
Jul-20 17:50:10.198 [Task monitor] DEBUG nextflow.util.ThreadPoolBuilder - Creating thread pool 'TaskFinalizer' minSize=10; maxSize=24; workQueue=LinkedBlockingQueue[-1]; allowCoreThreadTimeout=false
Jul-20 17:50:10.272 [TaskFinalizer-1] DEBUG nextflow.util.ThreadPoolBuilder - Creating thread pool 'PublishDir' minSize=10; maxSize=24; workQueue=LinkedBlockingQueue[-1]; allowCoreThreadTimeout=false
Jul-20 17:50:10.278 [Task submitter] DEBUG n.executor.local.LocalTaskHandler - Launch cmd line: /bin/bash -ue .command.run
Jul-20 17:50:10.281 [Task submitter] INFO  nextflow.Session - [50/ba5396] Submitted process > ALIGNMENT:HISAT2 (SRR13970443)
Jul-20 17:50:47.909 [Task monitor] DEBUG n.processor.TaskPollingMonitor - Task completed > TaskHandler[id: 2; name: PREPROCESSING:QC_WORKFLOW:FASTQC (SRR13970443); status: COMPLETED; exit: 0; error: -; workDir: /home/sisi/RNalyze-NF/work/5d/62dd12ec2a244b8366979225516003]
Jul-20 17:50:48.038 [Task submitter] DEBUG n.executor.local.LocalTaskHandler - Launch cmd line: /bin/bash -ue .command.run
Jul-20 17:50:48.059 [Task submitter] INFO  nextflow.Session - [f7/b022b7] Submitted process > PREPROCESSING:QC_WORKFLOW:MULTIQC (1)
Jul-20 17:50:54.079 [Task monitor] DEBUG n.processor.TaskPollingMonitor - Task completed > TaskHandler[id: 4; name: PREPROCESSING:QC_WORKFLOW:MULTIQC (1); status: COMPLETED; exit: 0; error: -; workDir: /home/sisi/RNalyze-NF/work/f7/b022b7260d593660f43e9d0bb868fb]
Jul-20 17:52:33.300 [Task monitor] DEBUG n.processor.TaskPollingMonitor - Task completed > TaskHandler[id: 3; name: ALIGNMENT:HISAT2 (SRR13970443); status: COMPLETED; exit: 0; error: -; workDir: /home/sisi/RNalyze-NF/work/50/ba53966e0df2003701cbfde4d4fda4]
Jul-20 17:52:33.324 [Task submitter] DEBUG n.executor.local.LocalTaskHandler - Launch cmd line: /bin/bash -ue .command.run
Jul-20 17:52:33.325 [Task submitter] INFO  nextflow.Session - [f9/506af3] Submitted process > POST_ALIGNMENT:SAMTOOLS_SORT (SRR13970443)
Jul-20 17:53:31.946 [Task monitor] DEBUG n.processor.TaskPollingMonitor - Task completed > TaskHandler[id: 5; name: POST_ALIGNMENT:SAMTOOLS_SORT (SRR13970443); status: COMPLETED; exit: 0; error: -; workDir: /home/sisi/RNalyze-NF/work/f9/506af354f956518325193d7f0262ec]
Jul-20 17:53:31.970 [Task submitter] DEBUG n.executor.local.LocalTaskHandler - Launch cmd line: /bin/bash -ue .command.run
Jul-20 17:53:31.971 [Task submitter] INFO  nextflow.Session - [5a/6745a8] Submitted process > POST_ALIGNMENT:SAMTOOLS_INDEX (SRR13970443)
Jul-20 17:53:36.413 [Task monitor] DEBUG n.processor.TaskPollingMonitor - Task completed > TaskHandler[id: 6; name: POST_ALIGNMENT:SAMTOOLS_INDEX (SRR13970443); status: COMPLETED; exit: 0; error: -; workDir: /home/sisi/RNalyze-NF/work/5a/6745a803183808a7f76470db91407a]
Jul-20 17:53:36.448 [Task submitter] DEBUG n.executor.local.LocalTaskHandler - Launch cmd line: /bin/bash -ue .command.run
Jul-20 17:53:36.449 [Task submitter] INFO  nextflow.Session - [b0/722663] Submitted process > POST_ALIGNMENT:SAMTOOLS_STATS (SRR13970443)
Jul-20 17:53:36.464 [Task submitter] DEBUG n.executor.local.LocalTaskHandler - Launch cmd line: /bin/bash -ue .command.run
Jul-20 17:53:36.466 [Task submitter] INFO  nextflow.Session - [a3/24f644] Submitted process > POST_ALIGNMENT:SAMTOOLS_FLAGSTAT (SRR13970443)
Jul-20 17:53:36.484 [Task submitter] DEBUG n.executor.local.LocalTaskHandler - Launch cmd line: /bin/bash -ue .command.run
Jul-20 17:53:36.486 [Task submitter] INFO  nextflow.Session - [6a/7e1b5b] Submitted process > POST_ALIGNMENT:SAMTOOLS_IDXSTATS (SRR13970443)
Jul-20 17:53:40.126 [Task monitor] DEBUG n.processor.TaskPollingMonitor - Task completed > TaskHandler[id: 7; name: POST_ALIGNMENT:SAMTOOLS_IDXSTATS (SRR13970443); status: COMPLETED; exit: 0; error: -; workDir: /home/sisi/RNalyze-NF/work/6a/7e1b5b3dafbeeb2ddb79cbf2ce875d]
Jul-20 17:53:43.417 [Task monitor] DEBUG n.processor.TaskPollingMonitor - Task completed > TaskHandler[id: 9; name: POST_ALIGNMENT:SAMTOOLS_FLAGSTAT (SRR13970443); status: COMPLETED; exit: 0; error: -; workDir: /home/sisi/RNalyze-NF/work/a3/24f6447adaaa084984f18d317db9fd]
Jul-20 17:53:43.428 [Task submitter] DEBUG n.executor.local.LocalTaskHandler - Launch cmd line: /bin/bash -ue .command.run
Jul-20 17:53:43.428 [Task submitter] INFO  nextflow.Session - [d2/09d3c3] Submitted process > QUANTIFICATION:FEATURECOUNTS (featureCounts)
Jul-20 17:53:50.239 [Task monitor] DEBUG n.processor.TaskPollingMonitor - Task completed > TaskHandler[id: 10; name: QUANTIFICATION:FEATURECOUNTS (featureCounts); status: COMPLETED; exit: 0; error: -; workDir: /home/sisi/RNalyze-NF/work/d2/09d3c3d7f46f544a428ab42c209398]
Jul-20 17:53:54.417 [Task monitor] DEBUG n.processor.TaskPollingMonitor - Task completed > TaskHandler[id: 8; name: POST_ALIGNMENT:SAMTOOLS_STATS (SRR13970443); status: COMPLETED; exit: 0; error: -; workDir: /home/sisi/RNalyze-NF/work/b0/722663cbac562ee16b56eea629d5f0]
Jul-20 17:53:54.422 [main] DEBUG nextflow.Session - Session await > all processes finished
Jul-20 17:53:54.518 [Task monitor] DEBUG n.processor.TaskPollingMonitor - <<< barrier arrives (monitor: local) - terminating tasks monitor poll loop
Jul-20 17:53:54.518 [main] DEBUG nextflow.Session - Session await > all barriers passed
Jul-20 17:53:54.522 [main] DEBUG nextflow.util.ThreadPoolManager - Thread pool 'TaskFinalizer' shutdown completed (hard=false)
Jul-20 17:53:54.523 [main] DEBUG nextflow.util.ThreadPoolManager - Thread pool 'PublishDir' shutdown completed (hard=false)
Jul-20 17:53:54.535 [main] DEBUG n.trace.WorkflowStatsObserver - Workflow completed > WorkflowStats[succeededCount=10; failedCount=0; ignoredCount=0; cachedCount=0; pendingCount=0; submittedCount=0; runningCount=0; retriesCount=0; abortedCount=0; succeedDuration=14m 19s; failedDuration=0ms; cachedDuration=0ms;loadCpus=0; loadMemory=0; peakRunning=3; peakCpus=6; peakMemory=6 GB; ]
Jul-20 17:53:54.612 [main] DEBUG nextflow.cache.CacheDB - Closing CacheDB done
Jul-20 17:53:54.629 [main] DEBUG nextflow.util.ThreadPoolManager - Thread pool 'FileTransfer' shutdown completed (hard=false)
Jul-20 17:53:54.630 [main] DEBUG nextflow.script.ScriptRunner - > Execution complete -- Goodbye
